2024-01-13 04:44:50,167 INFO o.a.j.u.JMeterUtils: Setting Locale to en_EN
2024-01-13 04:44:50,183 INFO o.a.j.JMeter: Loading user properties from: C:\Users\tamanit\Desktop\apache-jmeter-5.6.3\apache-jmeter-5.6.3\bin\user.properties
2024-01-13 04:44:50,187 INFO o.a.j.JMeter: Loading system properties from: C:\Users\tamanit\Desktop\apache-jmeter-5.6.3\apache-jmeter-5.6.3\bin\system.properties
2024-01-13 04:44:50,195 INFO o.a.j.JMeter: Copyright (c) 1998-2024 The Apache Software Foundation
2024-01-13 04:44:50,195 INFO o.a.j.JMeter: Version 5.6.3
2024-01-13 04:44:50,195 INFO o.a.j.JMeter: java.version=1.8.0_391
2024-01-13 04:44:50,195 INFO o.a.j.JMeter: java.vm.name=Java HotSpot(TM) Client VM
2024-01-13 04:44:50,195 INFO o.a.j.JMeter: os.name=Windows 10
2024-01-13 04:44:50,195 INFO o.a.j.JMeter: os.arch=x86
2024-01-13 04:44:50,195 INFO o.a.j.JMeter: os.version=10.0
2024-01-13 04:44:50,195 INFO o.a.j.JMeter: file.encoding=Cp1251
2024-01-13 04:44:50,195 INFO o.a.j.JMeter: java.awt.headless=true
2024-01-13 04:44:50,195 INFO o.a.j.JMeter: Max memory     =1073741824
2024-01-13 04:44:50,195 INFO o.a.j.JMeter: Available Processors =6
2024-01-13 04:44:50,203 INFO o.a.j.JMeter: Default Locale=English (EN)
2024-01-13 04:44:50,203 INFO o.a.j.JMeter: JMeter  Locale=English (EN)
2024-01-13 04:44:50,203 INFO o.a.j.JMeter: JMeterHome=C:\Users\tamanit\Desktop\apache-jmeter-5.6.3\apache-jmeter-5.6.3
2024-01-13 04:44:50,203 INFO o.a.j.JMeter: user.dir  =C:\Users\tamanit\IdeaProjects\UTMN_LIS_2022_1\lab_9
2024-01-13 04:44:50,203 INFO o.a.j.JMeter: PWD       =C:\Users\tamanit\IdeaProjects\UTMN_LIS_2022_1\lab_9
2024-01-13 04:44:50,203 INFO o.a.j.JMeter: IP: 192.168.0.8 Name: DESKTOP-296HUT9 FullName: DESKTOP-296HUT9
2024-01-13 04:44:50,230 INFO o.a.j.JMeter: Setting property 'jmeter.reportgenerator.outputdir' to:'C:\Users\tamanit\IdeaProjects\UTMN_LIS_2022_1\lab_9\.\Result_30'
2024-01-13 04:44:50,234 INFO o.a.j.s.FileServer: Default base='C:\Users\tamanit\IdeaProjects\UTMN_LIS_2022_1\lab_9'
2024-01-13 04:44:50,238 INFO o.a.j.s.FileServer: Set new base='C:\Users\tamanit\IdeaProjects\UTMN_LIS_2022_1\lab_9'
2024-01-13 04:44:50,431 INFO o.a.j.s.SaveService: Testplan (JMX) version: 2.2. Testlog (JTL) version: 2.2
2024-01-13 04:44:50,464 INFO o.a.j.s.SaveService: Using SaveService properties file encoding UTF-8
2024-01-13 04:44:50,472 INFO o.a.j.s.SaveService: Using SaveService properties version 5.0
2024-01-13 04:44:50,484 INFO o.a.j.s.SaveService: Loading file: Users_30.jmx
2024-01-13 04:44:50,619 INFO o.a.j.p.h.s.HTTPSamplerBase: Parser for text/html is org.apache.jmeter.protocol.http.parser.LagartoBasedHtmlParser
2024-01-13 04:44:50,623 INFO o.a.j.p.h.s.HTTPSamplerBase: Parser for application/xhtml+xml is org.apache.jmeter.protocol.http.parser.LagartoBasedHtmlParser
2024-01-13 04:44:50,623 INFO o.a.j.p.h.s.HTTPSamplerBase: Parser for application/xml is org.apache.jmeter.protocol.http.parser.LagartoBasedHtmlParser
2024-01-13 04:44:50,623 INFO o.a.j.p.h.s.HTTPSamplerBase: Parser for text/xml is org.apache.jmeter.protocol.http.parser.LagartoBasedHtmlParser
2024-01-13 04:44:50,623 INFO o.a.j.p.h.s.HTTPSamplerBase: Parser for text/vnd.wap.wml is org.apache.jmeter.protocol.http.parser.RegexpHTMLParser
2024-01-13 04:44:50,623 INFO o.a.j.p.h.s.HTTPSamplerBase: Parser for text/css is org.apache.jmeter.protocol.http.parser.CssParser
2024-01-13 04:44:51,157 INFO o.a.j.e.KeyToolUtils: Exception checking for keytool existence, will return false, try another way.
2024-01-13 04:44:51,358 INFO o.a.j.e.KeyToolUtils: keytool found at 'C:\Program Files (x86)\Java\jre-1.8\bin\keytool'
2024-01-13 04:44:51,359 INFO o.a.j.p.h.p.ProxyControl: HTTP(S) Test Script Recorder SSL Proxy will use keys that support embedded 3rd party resources in file C:\Users\tamanit\Desktop\apache-jmeter-5.6.3\apache-jmeter-5.6.3\bin\proxyserver.jks
2024-01-13 04:44:51,425 INFO o.a.j.JMeter: Creating summariser <summary>
2024-01-13 04:44:51,435 INFO o.a.j.r.d.ReportGenerator: ReportGenerator will use for Parsing the separator: ','
2024-01-13 04:44:51,435 INFO o.a.j.r.d.ReportGenerator: Will generate report at end of test from  results file: .\Logs\log-30.jtl\
2024-01-13 04:44:51,435 INFO o.a.j.r.d.ReportGenerator: Reading report generator properties from: C:\Users\tamanit\Desktop\apache-jmeter-5.6.3\apache-jmeter-5.6.3\bin\reportgenerator.properties
2024-01-13 04:44:51,436 INFO o.a.j.r.d.ReportGenerator: Merging with JMeter properties
2024-01-13 04:44:51,442 INFO o.a.j.r.c.ReportGeneratorConfiguration: Property 'jmeter.reportgenerator.temp_dir' not found, using default value 'temp' instead.
2024-01-13 04:44:51,450 INFO o.a.j.r.c.ReportGeneratorConfiguration: Property 'jmeter.reportgenerator.apdex_per_transaction' not found, using default value 'null' instead.
2024-01-13 04:44:51,450 INFO o.a.j.r.c.ReportGeneratorConfiguration: apdex_per_transaction is empty, not APDEX per transaction customization
2024-01-13 04:44:51,451 INFO o.a.j.r.c.ReportGeneratorConfiguration: Property 'jmeter.reportgenerator.sample_filter' not found, using default value 'null' instead.
2024-01-13 04:44:51,451 INFO o.a.j.r.c.ReportGeneratorConfiguration: Property 'jmeter.reportgenerator.report_title' not found, using default value 'null' instead.
2024-01-13 04:44:51,451 INFO o.a.j.r.c.ReportGeneratorConfiguration: Property 'jmeter.reportgenerator.start_date' not found, using default value 'null' instead.
2024-01-13 04:44:51,451 INFO o.a.j.r.c.ReportGeneratorConfiguration: Property 'jmeter.reportgenerator.end_date' not found, using default value 'null' instead.
2024-01-13 04:44:51,451 INFO o.a.j.r.c.ReportGeneratorConfiguration: Property 'jmeter.reportgenerator.date_format' not found, using default value 'null' instead.
2024-01-13 04:44:51,451 INFO o.a.j.r.c.ReportGeneratorConfiguration: Will use date range start date: null, end date: null
2024-01-13 04:44:51,457 INFO o.a.j.r.c.ReportGeneratorConfiguration: Property 'jmeter.reportgenerator.graph.totalTPS.exclude_controllers' not found, using default value 'false' instead.
2024-01-13 04:44:51,457 INFO o.a.j.r.c.ReportGeneratorConfiguration: Property 'jmeter.reportgenerator.graph.activeThreadsOverTime.exclude_controllers' not found, using default value 'false' instead.
2024-01-13 04:44:51,457 INFO o.a.j.r.c.ReportGeneratorConfiguration: Property 'jmeter.reportgenerator.graph.timeVsThreads.exclude_controllers' not found, using default value 'false' instead.
2024-01-13 04:44:51,457 INFO o.a.j.r.c.ReportGeneratorConfiguration: Property 'jmeter.reportgenerator.graph.responseTimeDistribution.exclude_controllers' not found, using default value 'false' instead.
2024-01-13 04:44:51,457 INFO o.a.j.r.c.ReportGeneratorConfiguration: Property 'jmeter.reportgenerator.graph.transactionsPerSecond.exclude_controllers' not found, using default value 'false' instead.
2024-01-13 04:44:51,457 INFO o.a.j.r.c.ReportGeneratorConfiguration: Property 'jmeter.reportgenerator.graph.responseTimePercentiles.exclude_controllers' not found, using default value 'false' instead.
2024-01-13 04:44:51,457 INFO o.a.j.r.c.ReportGeneratorConfiguration: Property 'jmeter.reportgenerator.graph.responseTimePercentilesOverTime.exclude_controllers' not found, using default value 'false' instead.
2024-01-13 04:44:51,458 INFO o.a.j.r.c.ReportGeneratorConfiguration: Property 'jmeter.reportgenerator.graph.responseTimesOverTime.exclude_controllers' not found, using default value 'false' instead.
2024-01-13 04:44:51,458 INFO o.a.j.r.c.ReportGeneratorConfiguration: Property 'jmeter.reportgenerator.graph.connectTimeOverTime.exclude_controllers' not found, using default value 'false' instead.
2024-01-13 04:44:51,458 INFO o.a.j.r.c.ReportGeneratorConfiguration: Property 'jmeter.reportgenerator.graph.latenciesOverTime.exclude_controllers' not found, using default value 'false' instead.
2024-01-13 04:44:51,460 INFO o.a.j.r.c.ReportGeneratorConfiguration: Property 'jmeter.reportgenerator.exporter.json.filters_only_sample_series' not found, using default value 'true' instead.
2024-01-13 04:44:51,460 INFO o.a.j.r.c.ReportGeneratorConfiguration: Property 'jmeter.reportgenerator.exporter.json.series_filter' not found, using default value '' instead.
2024-01-13 04:44:51,460 INFO o.a.j.r.c.ReportGeneratorConfiguration: Property 'jmeter.reportgenerator.exporter.json.show_controllers_only' not found, using default value 'false' instead.
2024-01-13 04:44:51,461 INFO o.a.j.r.c.ReportGeneratorConfiguration: Property 'jmeter.reportgenerator.exporter.html.filters_only_sample_series' not found, using default value 'true' instead.
2024-01-13 04:44:51,461 INFO o.a.j.r.c.ReportGeneratorConfiguration: Property 'jmeter.reportgenerator.exporter.html.series_filter' not found, using default value '' instead.
2024-01-13 04:44:51,461 INFO o.a.j.r.c.ReportGeneratorConfiguration: Property 'jmeter.reportgenerator.exporter.html.show_controllers_only' not found, using default value 'false' instead.
2024-01-13 04:44:51,475 INFO o.a.j.e.StandardJMeterEngine: Running the test!
2024-01-13 04:44:51,476 INFO o.a.j.s.SampleEvent: List of sample_variables: []
2024-01-13 04:44:51,476 INFO o.a.j.s.SampleEvent: List of sample_variables: []
2024-01-13 04:44:51,484 INFO o.a.j.e.u.CompoundVariable: Note: Function class names must contain the string: '.functions.'
2024-01-13 04:44:51,484 INFO o.a.j.e.u.CompoundVariable: Note: Function class names must not contain the string: '.gui.'
2024-01-13 04:44:51,941 INFO o.a.j.JMeter: Running test (1705103091941)
2024-01-13 04:44:52,008 INFO o.a.j.e.StandardJMeterEngine: Starting ThreadGroup: 1 : Film
2024-01-13 04:44:52,008 INFO o.a.j.e.StandardJMeterEngine: Starting 20 threads for group Film.
2024-01-13 04:44:52,008 INFO o.a.j.e.StandardJMeterEngine: Thread will continue on error
2024-01-13 04:44:52,009 INFO o.a.j.t.ThreadGroup: Starting thread group... number=1 threads=20 ramp-up=5 delayedStart=false
2024-01-13 04:44:52,077 INFO o.a.j.t.JMeterThread: Thread started: Film 1-1
2024-01-13 04:44:52,111 INFO o.a.j.p.h.s.HTTPHCAbstractImpl: Local host = DESKTOP-296HUT9
2024-01-13 04:44:52,122 INFO o.a.j.p.h.s.HTTPHC4Impl: HTTP request retry count = 0
2024-01-13 04:44:52,124 INFO o.a.j.s.SampleResult: Note: Sample TimeStamps are START times
2024-01-13 04:44:52,125 INFO o.a.j.s.SampleResult: sampleresult.default.encoding is set to UTF-8
2024-01-13 04:44:52,125 INFO o.a.j.s.SampleResult: sampleresult.useNanoTime=true
2024-01-13 04:44:52,125 INFO o.a.j.s.SampleResult: sampleresult.nanoThreadSleep=5000
2024-01-13 04:44:52,328 INFO o.a.j.t.JMeterThread: Thread started: Film 1-2
2024-01-13 04:44:52,515 INFO o.a.j.t.ThreadGroup: Started thread group number 1
2024-01-13 04:44:52,515 INFO o.a.j.e.StandardJMeterEngine: All thread groups have been started
2024-01-13 04:44:52,558 INFO o.a.j.t.JMeterThread: Thread started: Film 1-3
2024-01-13 04:44:52,808 INFO o.a.j.t.JMeterThread: Thread started: Film 1-4
2024-01-13 04:44:53,055 INFO o.a.j.t.JMeterThread: Thread started: Film 1-5
2024-01-13 04:44:53,309 INFO o.a.j.t.JMeterThread: Thread started: Film 1-6
2024-01-13 04:44:53,555 INFO o.a.j.t.JMeterThread: Thread started: Film 1-7
2024-01-13 04:44:53,807 INFO o.a.j.t.JMeterThread: Thread started: Film 1-8
2024-01-13 04:44:54,054 INFO o.a.j.t.JMeterThread: Thread started: Film 1-9
2024-01-13 04:44:54,312 INFO o.a.j.t.JMeterThread: Thread started: Film 1-10
2024-01-13 04:44:54,328 INFO o.a.j.p.h.s.h.LazyLayeredConnectionSocketFactory: Setting up HTTPS TrustAll Socket Factory
2024-01-13 04:44:54,336 INFO o.a.j.u.JsseSSLManager: Using default SSL protocol: TLS
2024-01-13 04:44:54,336 INFO o.a.j.u.JsseSSLManager: SSL session context: per-thread
2024-01-13 04:44:54,557 INFO o.a.j.t.JMeterThread: Thread started: Film 1-11
2024-01-13 04:44:54,809 INFO o.a.j.t.JMeterThread: Thread started: Film 1-12
2024-01-13 04:44:54,840 INFO o.a.j.u.SSLManager: JmeterKeyStore Location:  type JKS
2024-01-13 04:44:54,844 INFO o.a.j.u.SSLManager: KeyStore created OK
2024-01-13 04:44:54,844 WARN o.a.j.u.SSLManager: Keystore file not found, loading empty keystore
2024-01-13 04:44:55,063 INFO o.a.j.t.JMeterThread: Thread started: Film 1-13
2024-01-13 04:44:55,315 INFO o.a.j.t.JMeterThread: Thread started: Film 1-14
2024-01-13 04:44:55,560 INFO o.a.j.t.JMeterThread: Thread started: Film 1-15
2024-01-13 04:44:55,810 INFO o.a.j.t.JMeterThread: Thread started: Film 1-16
2024-01-13 04:44:56,062 INFO o.a.j.t.JMeterThread: Thread started: Film 1-17
2024-01-13 04:44:56,316 INFO o.a.j.t.JMeterThread: Thread started: Film 1-18
2024-01-13 04:44:56,563 INFO o.a.j.t.JMeterThread: Thread started: Film 1-19
2024-01-13 04:44:56,813 INFO o.a.j.t.JMeterThread: Thread started: Film 1-20
2024-01-13 04:45:00,075 INFO o.a.j.r.Summariser: summary +    443 in 00:00:08 =   54.5/s Avg:   227 Min:    30 Max:  1487 Err:    49 (11.06%) Active: 20 Started: 20 Finished: 0
2024-01-13 04:45:30,073 INFO o.a.j.r.Summariser: summary +   2602 in 00:00:30 =   86.7/s Avg:   231 Min:    29 Max:  2012 Err:   231 (8.88%) Active: 20 Started: 20 Finished: 0
2024-01-13 04:45:30,074 INFO o.a.j.r.Summariser: summary =   3045 in 00:00:38 =   79.9/s Avg:   230 Min:    29 Max:  2012 Err:   280 (9.20%)
2024-01-13 04:45:59,076 INFO o.a.j.t.JMeterThread: Thread is done: Film 1-1
2024-01-13 04:45:59,076 INFO o.a.j.t.JMeterThread: Thread finished: Film 1-1
2024-01-13 04:46:00,029 INFO o.a.j.r.Summariser: summary +   1959 in 00:00:30 =   65.4/s Avg:   307 Min:    29 Max: 16954 Err:   168 (8.58%) Active: 19 Started: 20 Finished: 1
2024-01-13 04:46:00,029 INFO o.a.j.r.Summariser: summary =   5004 in 00:01:08 =   73.5/s Avg:   260 Min:    29 Max: 16954 Err:   448 (8.95%)
2024-01-13 04:46:01,071 INFO o.a.j.t.JMeterThread: Thread is done: Film 1-10
2024-01-13 04:46:01,071 INFO o.a.j.t.JMeterThread: Thread finished: Film 1-10
2024-01-13 04:46:01,166 INFO o.a.j.t.JMeterThread: Thread is done: Film 1-6
2024-01-13 04:46:01,166 INFO o.a.j.t.JMeterThread: Thread finished: Film 1-6
2024-01-13 04:46:02,324 INFO o.a.j.t.JMeterThread: Thread is done: Film 1-3
2024-01-13 04:46:02,328 INFO o.a.j.t.JMeterThread: Thread finished: Film 1-3
2024-01-13 04:46:02,591 INFO o.a.j.t.JMeterThread: Thread is done: Film 1-12
2024-01-13 04:46:02,591 INFO o.a.j.t.JMeterThread: Thread finished: Film 1-12
2024-01-13 04:46:03,658 INFO o.a.j.t.JMeterThread: Thread is done: Film 1-13
2024-01-13 04:46:03,658 INFO o.a.j.t.JMeterThread: Thread finished: Film 1-13
2024-01-13 04:46:03,672 INFO o.a.j.t.JMeterThread: Thread is done: Film 1-19
2024-01-13 04:46:03,672 INFO o.a.j.t.JMeterThread: Thread finished: Film 1-19
2024-01-13 04:46:03,696 INFO o.a.j.t.JMeterThread: Thread is done: Film 1-11
2024-01-13 04:46:03,696 INFO o.a.j.t.JMeterThread: Thread finished: Film 1-11
2024-01-13 04:46:04,548 INFO o.a.j.t.JMeterThread: Thread is done: Film 1-14
2024-01-13 04:46:04,548 INFO o.a.j.t.JMeterThread: Thread finished: Film 1-14
2024-01-13 04:46:05,709 INFO o.a.j.t.JMeterThread: Thread is done: Film 1-20
2024-01-13 04:46:05,709 INFO o.a.j.t.JMeterThread: Thread finished: Film 1-20
2024-01-13 04:46:06,916 INFO o.a.j.t.JMeterThread: Thread is done: Film 1-4
2024-01-13 04:46:06,916 INFO o.a.j.t.JMeterThread: Thread finished: Film 1-4
2024-01-13 04:46:07,087 INFO o.a.j.t.JMeterThread: Thread is done: Film 1-15
2024-01-13 04:46:07,088 INFO o.a.j.t.JMeterThread: Thread finished: Film 1-15
2024-01-13 04:46:07,176 INFO o.a.j.t.JMeterThread: Thread is done: Film 1-9
2024-01-13 04:46:07,177 INFO o.a.j.t.JMeterThread: Thread finished: Film 1-9
2024-01-13 04:46:07,448 INFO o.a.j.t.JMeterThread: Thread is done: Film 1-8
2024-01-13 04:46:07,448 INFO o.a.j.t.JMeterThread: Thread finished: Film 1-8
2024-01-13 04:46:07,566 INFO o.a.j.t.JMeterThread: Thread is done: Film 1-17
2024-01-13 04:46:07,566 INFO o.a.j.t.JMeterThread: Thread finished: Film 1-17
2024-01-13 04:46:09,157 INFO o.a.j.t.JMeterThread: Thread is done: Film 1-16
2024-01-13 04:46:09,157 INFO o.a.j.t.JMeterThread: Thread finished: Film 1-16
2024-01-13 04:46:09,245 INFO o.a.j.t.JMeterThread: Thread is done: Film 1-5
2024-01-13 04:46:09,245 INFO o.a.j.t.JMeterThread: Thread finished: Film 1-5
2024-01-13 04:46:09,254 INFO o.a.j.t.JMeterThread: Thread is done: Film 1-2
2024-01-13 04:46:09,254 INFO o.a.j.t.JMeterThread: Thread finished: Film 1-2
2024-01-13 04:46:10,989 INFO o.a.j.t.JMeterThread: Thread is done: Film 1-7
2024-01-13 04:46:10,989 INFO o.a.j.t.JMeterThread: Thread finished: Film 1-7
2024-01-13 04:46:23,264 INFO o.a.j.t.JMeterThread: Thread is done: Film 1-18
2024-01-13 04:46:23,264 INFO o.a.j.t.JMeterThread: Thread finished: Film 1-18
2024-01-13 04:46:23,268 INFO o.a.j.e.StandardJMeterEngine: Notifying test listeners of end of test
2024-01-13 04:46:23,269 INFO o.a.j.r.Summariser: summary +   1136 in 00:00:23 =   48.9/s Avg:   113 Min:    28 Max:  2062 Err:    72 (6.34%) Active: 0 Started: 20 Finished: 20
2024-01-13 04:46:23,270 INFO o.a.j.r.Summariser: summary =   6140 in 00:01:31 =   67.2/s Avg:   233 Min:    28 Max: 16954 Err:   520 (8.47%)
2024-01-13 04:46:23,272 INFO o.a.j.JMeter: Generating Dashboard
2024-01-13 04:46:23,272 INFO o.a.j.r.d.ReportGenerator: Flushing result collector before report Generation
2024-01-13 04:46:23,304 INFO o.a.j.r.p.NormalizerSampleConsumer: Using format, 'ms', to parse timeStamp field
2024-01-13 04:46:24,217 INFO o.a.j.r.p.AbstractSampleConsumer: class org.apache.jmeter.report.processor.AggregateConsumer#stopProducing(): beginDate produced 0 samples
2024-01-13 04:46:24,217 INFO o.a.j.r.p.AbstractSampleConsumer: class org.apache.jmeter.report.processor.AggregateConsumer#stopProducing(): endDate produced 0 samples
2024-01-13 04:46:24,221 INFO o.a.j.r.p.AbstractSampleConsumer: class org.apache.jmeter.report.processor.ApdexSummaryConsumer#stopProducing(): apdexSummary produced 0 samples
2024-01-13 04:46:24,221 INFO o.a.j.r.p.AbstractSampleConsumer: class org.apache.jmeter.report.processor.RequestsSummaryConsumer#stopProducing(): requestsSummary produced 0 samples
2024-01-13 04:46:24,242 INFO o.a.j.r.p.AbstractSampleConsumer: class org.apache.jmeter.report.processor.StatisticsSummaryConsumer#stopProducing(): statisticsSummary produced 0 samples
2024-01-13 04:46:24,249 INFO o.a.j.r.p.AbstractSampleConsumer: class org.apache.jmeter.report.processor.Top5ErrorsBySamplerConsumer#stopProducing(): top5ErrorsBySampler produced 0 samples
2024-01-13 04:46:24,249 INFO o.a.j.r.p.AbstractSampleConsumer: class org.apache.jmeter.report.processor.ErrorsSummaryConsumer#stopProducing(): errorsSummary produced 0 samples
2024-01-13 04:46:24,249 INFO o.a.j.r.p.AbstractSampleConsumer: class org.apache.jmeter.report.processor.graph.impl.HitsPerSecondGraphConsumer#stopProducing(): hitsPerSecond produced 0 samples
2024-01-13 04:46:24,367 INFO o.a.j.r.p.AbstractSampleConsumer: class org.apache.jmeter.report.processor.graph.impl.LatencyVSRequestGraphConsumer#stopProducing(): latencyVsRequest produced 0 samples
2024-01-13 04:46:24,368 INFO o.a.j.r.p.AbstractSampleConsumer: class org.apache.jmeter.report.processor.graph.impl.SyntheticResponseTimeDistributionGraphConsumer#stopProducing(): syntheticResponseTimeDistribution produced 0 samples
2024-01-13 04:46:24,369 INFO o.a.j.r.p.AbstractSampleConsumer: class org.apache.jmeter.report.processor.graph.impl.BytesThroughputGraphConsumer#stopProducing(): bytesThroughputOverTime produced 0 samples
2024-01-13 04:46:24,369 INFO o.a.j.r.p.AbstractSampleConsumer: class org.apache.jmeter.report.processor.graph.impl.CodesPerSecondGraphConsumer#stopProducing(): codesPerSecond produced 0 samples
2024-01-13 04:46:24,471 INFO o.a.j.r.p.AbstractSampleConsumer: class org.apache.jmeter.report.processor.graph.impl.ResponseTimeVSRequestGraphConsumer#stopProducing(): responseTimeVsRequest produced 0 samples
2024-01-13 04:46:24,472 INFO o.a.j.r.p.AbstractSampleConsumer: class org.apache.jmeter.report.processor.FilterConsumer#stopProducing(): startIntervalControlerFilter produced 71694 samples
2024-01-13 04:46:24,472 INFO o.a.j.r.p.AbstractSampleConsumer: class org.apache.jmeter.report.processor.graph.impl.TotalTPSGraphConsumer#stopProducing(): totalTPS produced 0 samples
2024-01-13 04:46:24,472 INFO o.a.j.r.p.AbstractSampleConsumer: class org.apache.jmeter.report.processor.graph.impl.ActiveThreadsGraphConsumer#stopProducing(): activeThreadsOverTime produced 0 samples
2024-01-13 04:46:24,472 INFO o.a.j.r.p.AbstractSampleConsumer: class org.apache.jmeter.report.processor.graph.impl.TimeVSThreadGraphConsumer#stopProducing(): timeVsThreads produced 0 samples
2024-01-13 04:46:24,515 INFO o.a.j.r.p.AbstractSampleConsumer: class org.apache.jmeter.report.processor.graph.impl.ResponseTimeDistributionGraphConsumer#stopProducing(): responseTimeDistribution produced 0 samples
2024-01-13 04:46:24,522 INFO o.a.j.r.p.AbstractSampleConsumer: class org.apache.jmeter.report.processor.graph.impl.TransactionsPerSecondGraphConsumer#stopProducing(): transactionsPerSecond produced 0 samples
2024-01-13 04:46:24,530 INFO o.a.j.r.p.AbstractSampleConsumer: class org.apache.jmeter.report.processor.graph.impl.ResponseTimePercentilesGraphConsumer#stopProducing(): responseTimePercentiles produced 0 samples
2024-01-13 04:46:24,584 INFO o.a.j.r.p.AbstractSampleConsumer: class org.apache.jmeter.report.processor.graph.impl.ResponseTimePercentilesOverTimeGraphConsumer#stopProducing(): responseTimePercentilesOverTime produced 0 samples
2024-01-13 04:46:24,585 INFO o.a.j.r.p.AbstractSampleConsumer: class org.apache.jmeter.report.processor.graph.impl.ResponseTimeOverTimeGraphConsumer#stopProducing(): responseTimesOverTime produced 0 samples
2024-01-13 04:46:24,591 INFO o.a.j.r.p.AbstractSampleConsumer: class org.apache.jmeter.report.processor.graph.impl.ConnectTimeOverTimeGraphConsumer#stopProducing(): connectTimeOverTime produced 0 samples
2024-01-13 04:46:24,598 INFO o.a.j.r.p.AbstractSampleConsumer: class org.apache.jmeter.report.processor.graph.impl.LatencyOverTimeGraphConsumer#stopProducing(): latenciesOverTime produced 0 samples
2024-01-13 04:46:24,604 INFO o.a.j.r.p.AbstractSampleConsumer: class org.apache.jmeter.report.processor.FilterConsumer#stopProducing(): nameFilter produced 153630 samples
2024-01-13 04:46:24,604 INFO o.a.j.r.p.AbstractSampleConsumer: class org.apache.jmeter.report.processor.FilterConsumer#stopProducing(): dateRangeFilter produced 30726 samples
2024-01-13 04:46:24,604 INFO o.a.j.r.p.AbstractSampleConsumer: class org.apache.jmeter.report.processor.NormalizerSampleConsumer#stopProducing(): normalizer produced 10242 samples
2024-01-13 04:46:24,605 INFO o.a.j.r.p.CsvFileSampleSource: produce(): 10242 samples produced in 1s 222 ms on channel 0
2024-01-13 04:46:24,605 INFO o.a.j.r.d.ReportGenerator: Exporting data using exporter:'json' of className:'org.apache.jmeter.report.dashboard.JsonExporter'
2024-01-13 04:46:24,744 INFO o.a.j.r.d.JsonExporter: Found data for consumer statisticsSummary in context
2024-01-13 04:46:24,744 INFO o.a.j.r.d.JsonExporter: Creating statistics for overall
2024-01-13 04:46:24,744 INFO o.a.j.r.d.JsonExporter: Creating statistics for other transactions
2024-01-13 04:46:24,744 INFO o.a.j.r.d.JsonExporter: Checking output folder
2024-01-13 04:46:24,748 INFO o.a.j.r.d.JsonExporter: Writing statistics JSON to C:\Users\tamanit\IdeaProjects\UTMN_LIS_2022_1\lab_9\.\Result_30\statistics.json
2024-01-13 04:46:24,844 INFO o.a.j.r.d.ReportGenerator: Exporting data using exporter:'html' of className:'org.apache.jmeter.report.dashboard.HtmlTemplateExporter'
2024-01-13 04:46:24,848 INFO o.a.j.r.d.HtmlTemplateExporter: Will generate dashboard in folder: C:\Users\tamanit\IdeaProjects\UTMN_LIS_2022_1\lab_9\.\Result_30
2024-01-13 04:46:26,269 INFO o.a.j.r.d.HtmlTemplateExporter: Report will be generated in: C:\Users\tamanit\IdeaProjects\UTMN_LIS_2022_1\lab_9\.\Result_30, creating folder structure
2024-01-13 04:46:26,273 INFO o.a.j.r.d.TemplateVisitor: Copying folder from 'C:\Users\tamanit\Desktop\apache-jmeter-5.6.3\apache-jmeter-5.6.3\bin\report-template' to 'C:\Users\tamanit\IdeaProjects\UTMN_LIS_2022_1\lab_9\.\Result_30', got message: C:\Users\tamanit\IdeaProjects\UTMN_LIS_2022_1\lab_9\.\Result_30, found non empty folder with following content [C:\Users\tamanit\IdeaProjects\UTMN_LIS_2022_1\lab_9\.\Result_30\statistics.json], will be ignored
2024-01-13 04:46:26,758 INFO o.a.j.JMeter: Dashboard generated
